WARNING: You are using an unsupported version of ForgeGradle.
Please consider upgrading to ForgeGradle 5 and helping in the efforts to get old versions working on the modern toolchain.
See https://gist.github.com/TheCurle/fe7ad3ede188cbdd15c235cc75d52d4a for more info on contributing.
#################################################
         ForgeGradle 2.1.3-g6a7c715        
  https://github.com/MinecraftForge/ForgeGradle  
#################################################
               Powered by MCP unknown               
             http://modcoderpack.com             
         by: Searge, ProfMobius, Fesh0r,         
         R4wk, ZeuX, IngisKahn, bspkrs           
#################################################
:deobfCompileDummyTask
:getVersionJson
:extractUserdev UP-TO-DATE
:downloadClient SKIPPED
:downloadServer SKIPPED
:splitServerJar SKIPPED
:mergeJars SKIPPED
:applyBinaryPatches SKIPPED
:deobfProvidedDummyTask
:extractDependencyATs SKIPPED
:extractMcpData SKIPPED
:extractMcpMappings SKIPPED
:genSrgs SKIPPED
:deobfMcMCP SKIPPED
:sourceApiJava
:compileApiJava UP-TO-DATE
:processApiResources UP-TO-DATE
:apiClasses UP-TO-DATE
:sourceMainJava
:compileJavaC:\Users\horizo\Desktop\newclient\build\sources\main\java\com\amethyst\client\AnimationPickerGUI.java:11: error: class AnimationsPickerGUI is public, should be declared in a file named AnimationsPickerGUI.java
public class AnimationsPickerGUI extends GuiScreen {
       ^
C:\Users\horizo\Desktop\newclient\build\sources\main\java\com\amethyst\client\modules\Animations.java:37: error: cannot find symbol
        super("Animations", "1.7 style animations", 0, Category.VISUAL);
                                                               ^
  symbol:   variable VISUAL
  location: class Category
2 errors
 FAILED

FAILURE: Build failed with an exception.

* What went wrong:
Execution failed for task ':compileJava'.
> Compilation failed; see the compiler error output for details.

* Try:
Run with --stacktrace option to get the stack trace. Run with --info or --debug option to get more log output.

BUILD FAILED

Total time: 2 mins 9.036 secs
